<?xml version="1.0" encoding="UTF-8"?>
<robot generator="Robot 7.4.1 (Python 3.13.7 on win32)" generated="2026-02-11T09:22:40.329843" rpa="false" schemaversion="5">
<suite id="s1" name="testRF02" source="C:\Users\Asus\Documents\quiz-test\Testing-quiz\testRF02.robot">
<kw name="Open Browser" owner="SeleniumLibrary" type="SETUP">
<msg time="2026-02-11T09:22:40.557053" level="INFO">Opening browser 'chrome' to base url 'https://chiangmuan.igovapp.com'.</msg>
<arg>https://chiangmuan.igovapp.com</arg>
<arg>chrome</arg>
<doc>Opens a new browser instance to the optional ``url``.</doc>
<status status="PASS" start="2026-02-11T09:22:40.556763" elapsed="2.931846"/>
</kw>
<test id="s1-t1" name="Register" line="40">
<kw name="Regist">
<kw name="Wait Until Page Contains" owner="SeleniumLibrary">
<arg>ระบบบริการประชาชน</arg>
<arg>timeout=None</arg>
<arg>error=None</arg>
<doc>Waits until ``text`` appears on the current page.</doc>
<status status="PASS" start="2026-02-11T09:22:43.489911" elapsed="0.012997"/>
</kw>
<kw name="Click Element" owner="SeleniumLibrary">
<msg time="2026-02-11T09:22:43.503424" level="INFO">Clicking element '//*[@id="root"]/div/nav/header/div/a[1]'.</msg>
<arg>//*[@id="root"]/div/nav/header/div/a[1]</arg>
<doc>Click the element identified by ``locator``.</doc>
<status status="PASS" start="2026-02-11T09:22:43.503106" elapsed="1.601458"/>
</kw>
<kw name="Click Element" owner="SeleniumLibrary">
<msg time="2026-02-11T09:22:45.105010" level="INFO">Clicking element '//*[@id="app"]/div/div/div/div[2]/div/div[2]/a/span'.</msg>
<arg>//*[@id="app"]/div/div/div/div[2]/div/div[2]/a/span</arg>
<doc>Click the element identified by ``locator``.</doc>
<status status="PASS" start="2026-02-11T09:22:45.104762" elapsed="0.069447"/>
</kw>
<kw name="Wait Until Page Contains Element" owner="SeleniumLibrary">
<arg>//*[@id="root"]/div/main/section/div[3]/div[2]/div/div/a[1]/div/div[2]/span[1]</arg>
<arg>timeout=180</arg>
<arg>error=None</arg>
<doc>Waits until the element ``locator`` appears on the current page.</doc>
<status status="PASS" start="2026-02-11T09:22:45.174458" elapsed="23.431249"/>
</kw>
<kw name="Click Element" owner="SeleniumLibrary">
<msg time="2026-02-11T09:23:08.606276" level="INFO">Clicking element '//*[@id="root"]/div/main/section/div[3]/div[2]/div/div/a[1]/div/div[2]/span[1]'.</msg>
<arg>//*[@id="root"]/div/main/section/div[3]/div[2]/div/div/a[1]/div/div[2]/span[1]</arg>
<arg>modifier=False</arg>
<arg>action_chain=False</arg>
<doc>Click the element identified by ``locator``.</doc>
<status status="PASS" start="2026-02-11T09:23:08.605985" elapsed="0.272473"/>
</kw>
<status status="PASS" start="2026-02-11T09:22:43.489584" elapsed="25.389025"/>
</kw>
<status status="PASS" start="2026-02-11T09:22:43.488915" elapsed="25.389998"/>
</test>
<test id="s1-t2" name="Verify id" line="42">
<kw name="To Home">
<kw name="Page Should Contain Element" owner="SeleniumLibrary">
<msg time="2026-02-11T09:23:08.897258" level="INFO">Current page contains element '//*[@id="root"]/div/nav/header/ul/div/a/div'.</msg>
<arg>//*[@id="root"]/div/nav/header/ul/div/a/div</arg>
<arg>timeout=10</arg>
<doc>Verifies that element ``locator`` is found on the current page.</doc>
<status status="PASS" start="2026-02-11T09:23:08.879948" elapsed="0.017464"/>
</kw>
<kw name="Click Element" owner="SeleniumLibrary">
<msg time="2026-02-11T09:23:08.898062" level="INFO">Clicking element '//*[@id="root"]/div/nav/header/ul/div/a/div'.</msg>
<arg>//*[@id="root"]/div/nav/header/ul/div/a/div</arg>
<arg>modifier=False</arg>
<arg>action_chain=False</arg>
<doc>Click the element identified by ``locator``.</doc>
<status status="PASS" start="2026-02-11T09:23:08.897695" elapsed="0.068528"/>
</kw>
<kw name="Wait Until Location Is" owner="SeleniumLibrary">
<arg>https://chiangmuan.igovapp.com/</arg>
<arg>timeout=10</arg>
<arg>message=None</arg>
<doc>Waits until the current URL is ``expected``.</doc>
<status status="PASS" start="2026-02-11T09:23:08.966454" elapsed="0.052297"/>
</kw>
<status status="PASS" start="2026-02-11T09:23:08.879726" elapsed="0.139159"/>
</kw>
<kw name="To Profile">
<kw name="Click Element" owner="SeleniumLibrary">
<msg time="2026-02-11T09:23:09.019786" level="INFO">Clicking element '//*[@id="root"]/div/main/section[2]/div/a[3]/div'.</msg>
<arg>//*[@id="root"]/div/main/section[2]/div/a[3]/div</arg>
<arg>modifier=False</arg>
<arg>action_chain=False</arg>
<doc>Click the element identified by ``locator``.</doc>
<status status="PASS" start="2026-02-11T09:23:09.019551" elapsed="0.067125"/>
</kw>
<kw name="Wait Until Page Contains Element" owner="SeleniumLibrary">
<arg>//*[@id="root"]/div/main/section/div[2]/div/a</arg>
<arg>timeout=None</arg>
<arg>error=None</arg>
<doc>Waits until the element ``locator`` appears on the current page.</doc>
<status status="PASS" start="2026-02-11T09:23:09.086952" elapsed="0.017331"/>
</kw>
<kw name="Click Element" owner="SeleniumLibrary">
<msg time="2026-02-11T09:23:09.104667" level="INFO">Clicking element '//*[@id="root"]/div/main/section/div[2]/div/a'.</msg>
<arg>//*[@id="root"]/div/main/section/div[2]/div/a</arg>
<arg>modifier=False</arg>
<arg>action_chain=False</arg>
<doc>Click the element identified by ``locator``.</doc>
<status status="PASS" start="2026-02-11T09:23:09.104460" elapsed="0.058609"/>
</kw>
<kw name="Page Should Contain" owner="SeleniumLibrary">
<msg time="2026-02-11T09:23:09.204465" level="INFO">Current page contains text '1509966475064'.</msg>
<arg>${ID}</arg>
<arg>loglevel=INFO</arg>
<doc>Verifies that current page contains ``text``.</doc>
<status status="PASS" start="2026-02-11T09:23:09.163238" elapsed="0.041328"/>
</kw>
<status status="PASS" start="2026-02-11T09:23:09.019257" elapsed="0.185406"/>
</kw>
<status status="PASS" start="2026-02-11T09:23:08.879355" elapsed="0.325650"/>
</test>
<test id="s1-t3" name="Health_Check_Req" line="45">
<kw name="To Home">
<kw name="Page Should Contain Element" owner="SeleniumLibrary">
<msg time="2026-02-11T09:23:09.252530" level="INFO">Current page contains element '//*[@id="root"]/div/nav/header/ul/div/a/div'.</msg>
<arg>//*[@id="root"]/div/nav/header/ul/div/a/div</arg>
<arg>timeout=10</arg>
<doc>Verifies that element ``locator`` is found on the current page.</doc>
<status status="PASS" start="2026-02-11T09:23:09.206400" elapsed="0.046236"/>
</kw>
<kw name="Click Element" owner="SeleniumLibrary">
<msg time="2026-02-11T09:23:09.253046" level="INFO">Clicking element '//*[@id="root"]/div/nav/header/ul/div/a/div'.</msg>
<arg>//*[@id="root"]/div/nav/header/ul/div/a/div</arg>
<arg>modifier=False</arg>
<arg>action_chain=False</arg>
<doc>Click the element identified by ``locator``.</doc>
<status status="PASS" start="2026-02-11T09:23:09.252801" elapsed="0.068034"/>
</kw>
<kw name="Wait Until Location Is" owner="SeleniumLibrary">
<arg>https://chiangmuan.igovapp.com/</arg>
<arg>timeout=10</arg>
<arg>message=None</arg>
<doc>Waits until the current URL is ``expected``.</doc>
<status status="PASS" start="2026-02-11T09:23:09.321139" elapsed="0.003633"/>
</kw>
<status status="PASS" start="2026-02-11T09:23:09.206088" elapsed="0.118786"/>
</kw>
<kw name="Health_Checking">
<kw name="Click Element" owner="SeleniumLibrary">
<msg time="2026-02-11T09:23:09.325640" level="INFO">Clicking element '//*[@id="root"]/div/main/section[2]/div/a[1]/div'.</msg>
<arg>//*[@id="root"]/div/main/section[2]/div/a[1]/div</arg>
<arg>modifier=False</arg>
<arg>action_chain=False</arg>
<doc>Click the element identified by ``locator``.</doc>
<status status="PASS" start="2026-02-11T09:23:09.325451" elapsed="0.076212"/>
</kw>
<kw name="Wait Until Location Is" owner="SeleniumLibrary">
<arg>https://chiangmuan.igovapp.com/health</arg>
<arg>timeout=None</arg>
<arg>message=None</arg>
<doc>Waits until the current URL is ``expected``.</doc>
<status status="PASS" start="2026-02-11T09:23:09.401881" elapsed="0.013178"/>
</kw>
<kw name="Click Element" owner="SeleniumLibrary">
<msg time="2026-02-11T09:23:09.415599" level="INFO">Clicking element '//*[@id="root"]/div/main/section[2]/div/div[2]/div[3]/a'.</msg>
<arg>//*[@id="root"]/div/main/section[2]/div/div[2]/div[3]/a</arg>
<arg>modifier=False</arg>
<arg>action_chain=False</arg>
<doc>Click the element identified by ``locator``.</doc>
<status status="PASS" start="2026-02-11T09:23:09.415276" elapsed="0.269473"/>
</kw>
<kw name="Wait Until Page Contains Element" owner="SeleniumLibrary">
<arg>//*[@id="root"]/div/main/article/section[2]/div/div/div</arg>
<arg>timeout=10</arg>
<arg>error=None</arg>
<doc>Waits until the element ``locator`` appears on the current page.</doc>
<status status="PASS" start="2026-02-11T09:23:09.684966" elapsed="0.222042"/>
</kw>
<kw name="Element Should Not Contain" owner="SeleniumLibrary">
<msg time="2026-02-11T09:23:09.925507" level="INFO">Element '//*[@id="root"]/div/main/article/section[2]/div/div/div' does not contain text 'ไม่มีข้อมูลการตรวจสุขภาพ'.</msg>
<arg>//*[@id="root"]/div/main/article/section[2]/div/div/div</arg>
<arg>${NoHis}</arg>
<arg>message=None</arg>
<arg>ignore_case=False</arg>
<doc>Verifies that element ``locator`` does not contain text ``expected``.</doc>
<status status="PASS" start="2026-02-11T09:23:09.907285" elapsed="0.018355"/>
</kw>
<status status="PASS" start="2026-02-11T09:23:09.325190" elapsed="0.600587"/>
</kw>
<status status="PASS" start="2026-02-11T09:23:09.205533" elapsed="0.720520"/>
</test>
<kw name="Close Browser" owner="SeleniumLibrary" type="TEARDOWN">
<doc>Closes the current browser.</doc>
<status status="PASS" start="2026-02-11T09:23:09.926850" elapsed="2.195575"/>
</kw>
<status status="PASS" start="2026-02-11T09:22:40.331181" elapsed="31.791398"/>
</suite>
<statistics>
<total>
<stat pass="3" fail="0" skip="0">All Tests</stat>
</total>
<tag>
</tag>
<suite>
<stat name="testRF02" id="s1" pass="3" fail="0" skip="0">testRF02</stat>
</suite>
</statistics>
<errors>
</errors>
</robot>
